Collecting accelerate
  Using cached accelerate-1.14.0-py3-none-any.whl.metadata (19 kB)
Collecting diffusers
  Using cached diffusers-0.38.0-py3-none-any.whl.metadata (20 kB)
Collecting transformers
  Using cached transformers-5.12.1-py3-none-any.whl.metadata (33 kB)
Collecting safetensors
  Using cached safetensors-0.8.0-cp310-abi3-win_amd64.whl.metadata (4.2 kB)
Collecting peft
  Using cached peft-0.19.1-py3-none-any.whl.metadata (15 kB)
Collecting datasets
  Using cached datasets-5.0.0-py3-none-any.whl.metadata (23 kB)
Requirement already satisfied: pillow in D:\ai_envs\identity_lock\Lib\site-packages (12.2.0)
Collecting toml
  Using cached toml-0.10.2-py2.py3-none-any.whl.metadata (7.1 kB)
Requirement already satisfied: numpy>=1.17 in D:\ai_envs\identity_lock\Lib\site-packages (from accelerate) (2.4.4)
Requirement already satisfied: packaging>=20.0 in D:\ai_envs\identity_lock\Lib\site-packages (from accelerate) (26.2)
Collecting psutil (from accelerate)
  Using cached psutil-7.2.2-cp37-abi3-win_amd64.whl.metadata (22 kB)
Collecting pyyaml (from accelerate)
  Using cached pyyaml-6.0.3-cp312-cp312-win_amd64.whl.metadata (2.4 kB)
Requirement already satisfied: torch>=2.0.0 in D:\ai_envs\identity_lock\Lib\site-packages (from accelerate) (2.5.1+cu121)
Collecting huggingface_hub>=0.21.0 (from accelerate)
  Using cached huggingface_hub-1.20.1-py3-none-any.whl.metadata (14 kB)
Collecting importlib_metadata (from diffusers)
  Using cached importlib_metadata-9.0.0-py3-none-any.whl.metadata (4.5 kB)
Requirement already satisfied: filelock in D:\ai_envs\identity_lock\Lib\site-packages (from diffusers) (3.29.0)
Collecting httpx<1.0.0 (from diffusers)
  Using cached httpx-0.28.1-py3-none-any.whl.metadata (7.1 kB)
Collecting regex!=2019.12.17 (from diffusers)
  Using cached regex-2026.5.9-cp312-cp312-win_amd64.whl.metadata (41 kB)
Collecting requests (from diffusers)
  Using cached requests-2.34.2-py3-none-any.whl.metadata (4.8 kB)
Collecting anyio (from httpx<1.0.0->diffusers)
  Using cached anyio-4.14.0-py3-none-any.whl.metadata (4.6 kB)
Collecting certifi (from httpx<1.0.0->diffusers)
  Using cached certifi-2026.6.17-py3-none-any.whl.metadata (2.5 kB)
Collecting httpcore==1.* (from httpx<1.0.0->diffusers)
  Using cached httpcore-1.0.9-py3-none-any.whl.metadata (21 kB)
Collecting idna (from httpx<1.0.0->diffusers)
  Using cached idna-3.18-py3-none-any.whl.metadata (6.1 kB)
Collecting h11>=0.16 (from httpcore==1.*->httpx<1.0.0->diffusers)
  Using cached h11-0.16.0-py3-none-any.whl.metadata (8.3 kB)
Collecting click>=8.4.0 (from huggingface_hub>=0.21.0->accelerate)
  Using cached click-8.4.1-py3-none-any.whl.metadata (2.6 kB)
Requirement already satisfied: fsspec>=2023.5.0 in D:\ai_envs\identity_lock\Lib\site-packages (from huggingface_hub>=0.21.0->accelerate) (2026.4.0)
Collecting hf-xet<2.0.0,>=1.5.1 (from huggingface_hub>=0.21.0->accelerate)
  Using cached hf_xet-1.5.1-cp37-abi3-win_amd64.whl.metadata (4.9 kB)
Collecting tqdm>=4.42.1 (from huggingface_hub>=0.21.0->accelerate)
  Using cached tqdm-4.68.3-py3-none-any.whl.metadata (57 kB)
Collecting typer<0.26.0,>=0.20.0 (from huggingface_hub>=0.21.0->accelerate)
  Using cached typer-0.25.1-py3-none-any.whl.metadata (15 kB)
Requirement already satisfied: typing-extensions>=4.1.0 in D:\ai_envs\identity_lock\Lib\site-packages (from huggingface_hub>=0.21.0->accelerate) (4.15.0)
Collecting shellingham>=1.3.0 (from typer<0.26.0,>=0.20.0->huggingface_hub>=0.21.0->accelerate)
  Using cached shellingham-1.5.4-py2.py3-none-any.whl.metadata (3.5 kB)
Collecting rich>=13.8.0 (from typer<0.26.0,>=0.20.0->huggingface_hub>=0.21.0->accelerate)
  Using cached rich-15.0.0-py3-none-any.whl.metadata (18 kB)
Collecting annotated-doc>=0.0.2 (from typer<0.26.0,>=0.20.0->huggingface_hub>=0.21.0->accelerate)
  Using cached annotated_doc-0.0.4-py3-none-any.whl.metadata (6.6 kB)
Collecting tokenizers<=0.23.0,>=0.22.0 (from transformers)
  Using cached tokenizers-0.22.2-cp39-abi3-win_amd64.whl.metadata (7.4 kB)
Collecting pyarrow>=21.0.0 (from datasets)
  Using cached pyarrow-24.0.0-cp312-cp312-win_amd64.whl.metadata (3.0 kB)
Collecting dill<0.4.2,>=0.3.0 (from datasets)
  Using cached dill-0.4.1-py3-none-any.whl.metadata (10 kB)
Collecting pandas (from datasets)
  Using cached pandas-3.0.3-cp312-cp312-win_amd64.whl.metadata (19 kB)
Collecting xxhash (from datasets)
  Using cached xxhash-3.7.0-cp312-cp312-win_amd64.whl.metadata (13 kB)
Collecting multiprocess<0.70.20 (from datasets)
  Using cached multiprocess-0.70.19-py312-none-any.whl.metadata (7.5 kB)
Collecting aiohttp!=4.0.0a0,!=4.0.0a1 (from fsspec[http]<=2026.4.0,>=2023.1.0->datasets)
  Using cached aiohttp-3.14.1-cp312-cp312-win_amd64.whl.metadata (8.5 kB)
Collecting aiohappyeyeballs>=2.5.0 (from aiohttp!=4.0.0a0,!=4.0.0a1->fsspec[http]<=2026.4.0,>=2023.1.0->datasets)
  Using cached aiohappyeyeballs-2.6.2-py3-none-any.whl.metadata (5.9 kB)
Collecting aiosignal>=1.4.0 (from aiohttp!=4.0.0a0,!=4.0.0a1->fsspec[http]<=2026.4.0,>=2023.1.0->datasets)
  Using cached aiosignal-1.4.0-py3-none-any.whl.metadata (3.7 kB)
Collecting attrs>=17.3.0 (from aiohttp!=4.0.0a0,!=4.0.0a1->fsspec[http]<=2026.4.0,>=2023.1.0->datasets)
  Using cached attrs-26.1.0-py3-none-any.whl.metadata (8.8 kB)
Collecting frozenlist>=1.1.1 (from aiohttp!=4.0.0a0,!=4.0.0a1->fsspec[http]<=2026.4.0,>=2023.1.0->datasets)
  Using cached frozenlist-1.8.0-cp312-cp312-win_amd64.whl.metadata (21 kB)
Collecting multidict<7.0,>=4.5 (from aiohttp!=4.0.0a0,!=4.0.0a1->fsspec[http]<=2026.4.0,>=2023.1.0->datasets)
  Using cached multidict-6.7.1-cp312-cp312-win_amd64.whl.metadata (5.5 kB)
Collecting propcache>=0.2.0 (from aiohttp!=4.0.0a0,!=4.0.0a1->fsspec[http]<=2026.4.0,>=2023.1.0->datasets)
  Using cached propcache-0.5.2-cp312-cp312-win_amd64.whl.metadata (17 kB)
Collecting yarl<2.0,>=1.17.0 (from aiohttp!=4.0.0a0,!=4.0.0a1->fsspec[http]<=2026.4.0,>=2023.1.0->datasets)
  Using cached yarl-1.24.2-cp312-cp312-win_amd64.whl.metadata (97 kB)
Collecting colorama (from click>=8.4.0->huggingface_hub>=0.21.0->accelerate)
  Using cached colorama-0.4.6-py2.py3-none-any.whl.metadata (17 kB)
Collecting charset_normalizer<4,>=2 (from requests->diffusers)
  Using cached charset_normalizer-3.4.7-cp312-cp312-win_amd64.whl.metadata (41 kB)
Collecting urllib3<3,>=1.26 (from requests->diffusers)
  Using cached urllib3-2.7.0-py3-none-any.whl.metadata (6.9 kB)
Collecting markdown-it-py>=2.2.0 (from rich>=13.8.0->typer<0.26.0,>=0.20.0->huggingface_hub>=0.21.0->accelerate)
  Using cached markdown_it_py-4.2.0-py3-none-any.whl.metadata (7.4 kB)
Collecting pygments<3.0.0,>=2.13.0 (from rich>=13.8.0->typer<0.26.0,>=0.20.0->huggingface_hub>=0.21.0->accelerate)
  Using cached pygments-2.20.0-py3-none-any.whl.metadata (2.5 kB)
Collecting mdurl~=0.1 (from markdown-it-py>=2.2.0->rich>=13.8.0->typer<0.26.0,>=0.20.0->huggingface_hub>=0.21.0->accelerate)
  Using cached mdurl-0.1.2-py3-none-any.whl.metadata (1.6 kB)
Requirement already satisfied: networkx in D:\ai_envs\identity_lock\Lib\site-packages (from torch>=2.0.0->accelerate) (3.6.1)
Requirement already satisfied: jinja2 in D:\ai_envs\identity_lock\Lib\site-packages (from torch>=2.0.0->accelerate) (3.1.6)
Requirement already satisfied: setuptools in D:\ai_envs\identity_lock\Lib\site-packages (from torch>=2.0.0->accelerate) (82.0.1)
Requirement already satisfied: sympy==1.13.1 in D:\ai_envs\identity_lock\Lib\site-packages (from torch>=2.0.0->accelerate) (1.13.1)
Requirement already satisfied: mpmath<1.4,>=1.1.0 in D:\ai_envs\identity_lock\Lib\site-packages (from sympy==1.13.1->torch>=2.0.0->accelerate) (1.3.0)
Collecting zipp>=3.20 (from importlib_metadata->diffusers)
  Using cached zipp-4.1.0-py3-none-any.whl.metadata (3.6 kB)
Requirement already satisfied: MarkupSafe>=2.0 in D:\ai_envs\identity_lock\Lib\site-packages (from jinja2->torch>=2.0.0->accelerate) (3.0.3)
Collecting python-dateutil>=2.8.2 (from pandas->datasets)
  Using cached python_dateutil-2.9.0.post0-py2.py3-none-any.whl.metadata (8.4 kB)
Collecting tzdata (from pandas->datasets)
  Using cached tzdata-2026.2-py2.py3-none-any.whl.metadata (1.4 kB)
Collecting six>=1.5 (from python-dateutil>=2.8.2->pandas->datasets)
  Using cached six-1.17.0-py2.py3-none-any.whl.metadata (1.7 kB)
Using cached accelerate-1.14.0-py3-none-any.whl (389 kB)
Using cached diffusers-0.38.0-py3-none-any.whl (5.2 MB)
Using cached httpx-0.28.1-py3-none-any.whl (73 kB)
Using cached httpcore-1.0.9-py3-none-any.whl (78 kB)
Using cached huggingface_hub-1.20.1-py3-none-any.whl (719 kB)
Using cached hf_xet-1.5.1-cp37-abi3-win_amd64.whl (4.0 MB)
Using cached typer-0.25.1-py3-none-any.whl (58 kB)
Using cached transformers-5.12.1-py3-none-any.whl (11.2 MB)
Using cached tokenizers-0.22.2-cp39-abi3-win_amd64.whl (2.7 MB)
Using cached safetensors-0.8.0-cp310-abi3-win_amd64.whl (355 kB)
Using cached peft-0.19.1-py3-none-any.whl (680 kB)
Using cached datasets-5.0.0-py3-none-any.whl (555 kB)
Using cached dill-0.4.1-py3-none-any.whl (120 kB)
Using cached multiprocess-0.70.19-py312-none-any.whl (150 kB)
Using cached toml-0.10.2-py2.py3-none-any.whl (16 kB)
Using cached aiohttp-3.14.1-cp312-cp312-win_amd64.whl (479 kB)
Using cached multidict-6.7.1-cp312-cp312-win_amd64.whl (46 kB)
Using cached yarl-1.24.2-cp312-cp312-win_amd64.whl (92 kB)
Using cached aiohappyeyeballs-2.6.2-py3-none-any.whl (15 kB)
Using cached aiosignal-1.4.0-py3-none-any.whl (7.5 kB)
Using cached annotated_doc-0.0.4-py3-none-any.whl (5.3 kB)
Using cached attrs-26.1.0-py3-none-any.whl (67 kB)
Using cached click-8.4.1-py3-none-any.whl (116 kB)
Using cached frozenlist-1.8.0-cp312-cp312-win_amd64.whl (44 kB)
Using cached h11-0.16.0-py3-none-any.whl (37 kB)
Using cached idna-3.18-py3-none-any.whl (65 kB)
Using cached propcache-0.5.2-cp312-cp312-win_amd64.whl (42 kB)
Using cached pyarrow-24.0.0-cp312-cp312-win_amd64.whl (27.4 MB)
Using cached pyyaml-6.0.3-cp312-cp312-win_amd64.whl (154 kB)
Using cached regex-2026.5.9-cp312-cp312-win_amd64.whl (277 kB)
Using cached requests-2.34.2-py3-none-any.whl (73 kB)
Using cached charset_normalizer-3.4.7-cp312-cp312-win_amd64.whl (159 kB)
Using cached urllib3-2.7.0-py3-none-any.whl (131 kB)
Using cached certifi-2026.6.17-py3-none-any.whl (133 kB)
Using cached rich-15.0.0-py3-none-any.whl (310 kB)
Using cached pygments-2.20.0-py3-none-any.whl (1.2 MB)
Using cached markdown_it_py-4.2.0-py3-none-any.whl (91 kB)
Using cached mdurl-0.1.2-py3-none-any.whl (10.0 kB)
Using cached shellingham-1.5.4-py2.py3-none-any.whl (9.8 kB)
Using cached tqdm-4.68.3-py3-none-any.whl (78 kB)
Using cached anyio-4.14.0-py3-none-any.whl (123 kB)
Using cached colorama-0.4.6-py2.py3-none-any.whl (25 kB)
Using cached importlib_metadata-9.0.0-py3-none-any.whl (27 kB)
Using cached zipp-4.1.0-py3-none-any.whl (10 kB)
Using cached pandas-3.0.3-cp312-cp312-win_amd64.whl (9.8 MB)
Using cached python_dateutil-2.9.0.post0-py2.py3-none-any.whl (229 kB)
Using cached six-1.17.0-py2.py3-none-any.whl (11 kB)
Using cached psutil-7.2.2-cp37-abi3-win_amd64.whl (137 kB)
Using cached tzdata-2026.2-py2.py3-none-any.whl (349 kB)
Using cached xxhash-3.7.0-cp312-cp312-win_amd64.whl (31 kB)
Installing collected packages: zipp, xxhash, urllib3, tzdata, toml, six, shellingham, safetensors, regex, pyyaml, pygments, pyarrow, psutil, propcache, multidict, mdurl, idna, hf-xet, h11, frozenlist, dill, colorama, charset_normalizer, certifi, attrs, annotated-doc, aiohappyeyeballs, yarl, tqdm, requests, python-dateutil, multiprocess, markdown-it-py, importlib_metadata, httpcore, click, anyio, aiosignal, rich, pandas, httpx, aiohttp, typer, huggingface_hub, tokenizers, diffusers, datasets, accelerate, transformers, peft

Successfully installed accelerate-1.14.0 aiohappyeyeballs-2.6.2 aiohttp-3.14.1 aiosignal-1.4.0 annotated-doc-0.0.4 anyio-4.14.0 attrs-26.1.0 certifi-2026.6.17 charset_normalizer-3.4.7 click-8.4.1 colorama-0.4.6 datasets-5.0.0 diffusers-0.38.0 dill-0.4.1 frozenlist-1.8.0 h11-0.16.0 hf-xet-1.5.1 httpcore-1.0.9 httpx-0.28.1 huggingface_hub-1.20.1 idna-3.18 importlib_metadata-9.0.0 markdown-it-py-4.2.0 mdurl-0.1.2 multidict-6.7.1 multiprocess-0.70.19 pandas-3.0.3 peft-0.19.1 propcache-0.5.2 psutil-7.2.2 pyarrow-24.0.0 pygments-2.20.0 python-dateutil-2.9.0.post0 pyyaml-6.0.3 regex-2026.5.9 requests-2.34.2 rich-15.0.0 safetensors-0.8.0 shellingham-1.5.4 six-1.17.0 tokenizers-0.22.2 toml-0.10.2 tqdm-4.68.3 transformers-5.12.1 typer-0.25.1 tzdata-2026.2 urllib3-2.7.0 xxhash-3.7.0 yarl-1.24.2 zipp-4.1.0
Obtaining file:///E:/%E6%96%B0%E5%BB%BA%E6%96%87%E4%BB%B6%E5%A4%B9/When%20the%20Sword%20Arrives/game (from -r D:\ai_tools\sd-scripts\requirements.txt (line 49))
