Requirement already satisfied: pip in .\training\identity_lock\.venv\Lib\site-packages (26.1.2)
Requirement already satisfied: setuptools in .\training\identity_lock\.venv\Lib\site-packages (82.0.1)
Requirement already satisfied: wheel in .\training\identity_lock\.venv\Lib\site-packages (0.47.0)
Requirement already satisfied: packaging>=24.0 in .\training\identity_lock\.venv\Lib\site-packages (from wheel) (26.2)
Looking in indexes: https://download.pytorch.org/whl/cu121
Collecting torch
  Downloading torch-2.5.1%2Bcu121-cp312-cp312-win_amd64.whl (2449.3 MB)
     ---------------------------------------- 2.4/2.4 GB 2.5 MB/s  0:26:17
Collecting torchvision
  Downloading torchvision-0.20.1%2Bcu121-cp312-cp312-win_amd64.whl (6.1 MB)
     ---------------------------------------- 6.1/6.1 MB 2.9 MB/s  0:00:02
Collecting filelock (from torch)
  Downloading filelock-3.29.0-py3-none-any.whl.metadata (2.0 kB)
Collecting typing-extensions>=4.8.0 (from torch)
  Downloading typing_extensions-4.15.0-py3-none-any.whl.metadata (3.3 kB)
Collecting networkx (from torch)
  Downloading networkx-3.6.1-py3-none-any.whl.metadata (6.8 kB)
Collecting jinja2 (from torch)
  Downloading jinja2-3.1.6-py3-none-any.whl.metadata (2.9 kB)
Collecting fsspec (from torch)
  Downloading fsspec-2026.4.0-py3-none-any.whl.metadata (10 kB)
Requirement already satisfied: setuptools in .\training\identity_lock\.venv\Lib\site-packages (from torch) (82.0.1)
Collecting sympy==1.13.1 (from torch)
  Downloading sympy-1.13.1-py3-none-any.whl.metadata (12 kB)
Collecting mpmath<1.4,>=1.1.0 (from sympy==1.13.1->torch)
  Downloading mpmath-1.3.0-py3-none-any.whl.metadata (8.6 kB)
Collecting numpy (from torchvision)
  Downloading numpy-2.4.4-cp312-cp312-win_amd64.whl.metadata (6.6 kB)
Collecting pillow!=8.3.*,>=5.3.0 (from torchvision)
  Downloading pillow-12.2.0-cp312-cp312-win_amd64.whl.metadata (9.0 kB)
Collecting MarkupSafe>=2.0 (from jinja2->torch)
  Downloading markupsafe-3.0.3-cp312-cp312-win_amd64.whl.metadata (2.8 kB)
Downloading sympy-1.13.1-py3-none-any.whl (6.2 MB)
   ---------------------------------------- 6.2/6.2 MB 21.1 MB/s  0:00:00
Downloading mpmath-1.3.0-py3-none-any.whl (536 kB)
   ---------------------------------------- 536.2/536.2 kB 17.1 MB/s  0:00:00
Downloading pillow-12.2.0-cp312-cp312-win_amd64.whl (7.1 MB)
   ---------------------------------------- 7.1/7.1 MB 11.2 MB/s  0:00:00
Downloading typing_extensions-4.15.0-py3-none-any.whl (44 kB)
Downloading filelock-3.29.0-py3-none-any.whl (39 kB)
Downloading fsspec-2026.4.0-py3-none-any.whl (203 kB)
Downloading jinja2-3.1.6-py3-none-any.whl (134 kB)
Downloading markupsafe-3.0.3-cp312-cp312-win_amd64.whl (15 kB)
Downloading networkx-3.6.1-py3-none-any.whl (2.1 MB)
   ---------------------------------------- 2.1/2.1 MB 3.4 MB/s  0:00:00
Downloading numpy-2.4.4-cp312-cp312-win_amd64.whl (12.3 MB)
   ---------------------------------------- 12.3/12.3 MB 3.0 MB/s  0:00:04
Installing collected packages: mpmath, typing-extensions, sympy, pillow, numpy, networkx, MarkupSafe, fsspec, filelock, jinja2, torch, torchvision

Successfully installed MarkupSafe-3.0.3 filelock-3.29.0 fsspec-2026.4.0 jinja2-3.1.6 mpmath-1.3.0 networkx-3.6.1 numpy-2.4.4 pillow-12.2.0 sympy-1.13.1 torch-2.5.1+cu121 torchvision-0.20.1+cu121 typing-extensions-4.15.0
Collecting accelerate
  Downloading accelerate-1.14.0-py3-none-any.whl.metadata (19 kB)
Collecting diffusers
  Downloading diffusers-0.38.0-py3-none-any.whl.metadata (20 kB)
Collecting transformers
  Downloading transformers-5.12.1-py3-none-any.whl.metadata (33 kB)
Collecting safetensors
  Downloading safetensors-0.8.0-cp310-abi3-win_amd64.whl.metadata (4.2 kB)
Collecting peft
  Downloading peft-0.19.1-py3-none-any.whl.metadata (15 kB)
Collecting datasets
  Downloading datasets-5.0.0-py3-none-any.whl.metadata (23 kB)
Requirement already satisfied: pillow in .\training\identity_lock\.venv\Lib\site-packages (12.2.0)
Collecting toml
  Downloading toml-0.10.2-py2.py3-none-any.whl.metadata (7.1 kB)
Requirement already satisfied: numpy>=1.17 in .\training\identity_lock\.venv\Lib\site-packages (from accelerate) (2.4.4)
Requirement already satisfied: packaging>=20.0 in .\training\identity_lock\.venv\Lib\site-packages (from accelerate) (26.2)
Collecting psutil (from accelerate)
  Downloading psutil-7.2.2-cp37-abi3-win_amd64.whl.metadata (22 kB)
Collecting pyyaml (from accelerate)
  Downloading pyyaml-6.0.3-cp312-cp312-win_amd64.whl.metadata (2.4 kB)
Requirement already satisfied: torch>=2.0.0 in .\training\identity_lock\.venv\Lib\site-packages (from accelerate) (2.5.1+cu121)
Collecting huggingface_hub>=0.21.0 (from accelerate)
  Downloading huggingface_hub-1.20.1-py3-none-any.whl.metadata (14 kB)
Collecting importlib_metadata (from diffusers)
  Downloading importlib_metadata-9.0.0-py3-none-any.whl.metadata (4.5 kB)
Requirement already satisfied: filelock in .\training\identity_lock\.venv\Lib\site-packages (from diffusers) (3.29.0)
Collecting httpx<1.0.0 (from diffusers)
  Downloading httpx-0.28.1-py3-none-any.whl.metadata (7.1 kB)
Collecting regex!=2019.12.17 (from diffusers)
  Downloading regex-2026.5.9-cp312-cp312-win_amd64.whl.metadata (41 kB)
Collecting requests (from diffusers)
  Downloading requests-2.34.2-py3-none-any.whl.metadata (4.8 kB)
Collecting anyio (from httpx<1.0.0->diffusers)
  Downloading anyio-4.14.0-py3-none-any.whl.metadata (4.6 kB)
Collecting certifi (from httpx<1.0.0->diffusers)
  Downloading certifi-2026.6.17-py3-none-any.whl.metadata (2.5 kB)
Collecting httpcore==1.* (from httpx<1.0.0->diffusers)
  Downloading httpcore-1.0.9-py3-none-any.whl.metadata (21 kB)
Collecting idna (from httpx<1.0.0->diffusers)
  Downloading idna-3.18-py3-none-any.whl.metadata (6.1 kB)
Collecting h11>=0.16 (from httpcore==1.*->httpx<1.0.0->diffusers)
  Downloading h11-0.16.0-py3-none-any.whl.metadata (8.3 kB)
Collecting click>=8.4.0 (from huggingface_hub>=0.21.0->accelerate)
  Downloading click-8.4.1-py3-none-any.whl.metadata (2.6 kB)
Requirement already satisfied: fsspec>=2023.5.0 in .\training\identity_lock\.venv\Lib\site-packages (from huggingface_hub>=0.21.0->accelerate) (2026.4.0)
Collecting hf-xet<2.0.0,>=1.5.1 (from huggingface_hub>=0.21.0->accelerate)
  Downloading hf_xet-1.5.1-cp37-abi3-win_amd64.whl.metadata (4.9 kB)
Collecting tqdm>=4.42.1 (from huggingface_hub>=0.21.0->accelerate)
  Downloading tqdm-4.68.3-py3-none-any.whl.metadata (57 kB)
Collecting typer<0.26.0,>=0.20.0 (from huggingface_hub>=0.21.0->accelerate)
  Downloading typer-0.25.1-py3-none-any.whl.metadata (15 kB)
Requirement already satisfied: typing-extensions>=4.1.0 in .\training\identity_lock\.venv\Lib\site-packages (from huggingface_hub>=0.21.0->accelerate) (4.15.0)
Collecting shellingham>=1.3.0 (from typer<0.26.0,>=0.20.0->huggingface_hub>=0.21.0->accelerate)
  Downloading shellingham-1.5.4-py2.py3-none-any.whl.metadata (3.5 kB)
Collecting rich>=13.8.0 (from typer<0.26.0,>=0.20.0->huggingface_hub>=0.21.0->accelerate)
  Downloading rich-15.0.0-py3-none-any.whl.metadata (18 kB)
Collecting annotated-doc>=0.0.2 (from typer<0.26.0,>=0.20.0->huggingface_hub>=0.21.0->accelerate)
  Downloading annotated_doc-0.0.4-py3-none-any.whl.metadata (6.6 kB)
Collecting tokenizers<=0.23.0,>=0.22.0 (from transformers)
  Downloading tokenizers-0.22.2-cp39-abi3-win_amd64.whl.metadata (7.4 kB)
Collecting pyarrow>=21.0.0 (from datasets)
  Downloading pyarrow-24.0.0-cp312-cp312-win_amd64.whl.metadata (3.0 kB)
Collecting dill<0.4.2,>=0.3.0 (from datasets)
  Downloading dill-0.4.1-py3-none-any.whl.metadata (10 kB)
Collecting pandas (from datasets)
  Downloading pandas-3.0.3-cp312-cp312-win_amd64.whl.metadata (19 kB)
Collecting xxhash (from datasets)
  Downloading xxhash-3.7.0-cp312-cp312-win_amd64.whl.metadata (13 kB)
Collecting multiprocess<0.70.20 (from datasets)
  Downloading multiprocess-0.70.19-py312-none-any.whl.metadata (7.5 kB)
Collecting aiohttp!=4.0.0a0,!=4.0.0a1 (from fsspec[http]<=2026.4.0,>=2023.1.0->datasets)
  Downloading aiohttp-3.14.1-cp312-cp312-win_amd64.whl.metadata (8.5 kB)
Collecting aiohappyeyeballs>=2.5.0 (from aiohttp!=4.0.0a0,!=4.0.0a1->fsspec[http]<=2026.4.0,>=2023.1.0->datasets)
  Downloading aiohappyeyeballs-2.6.2-py3-none-any.whl.metadata (5.9 kB)
Collecting aiosignal>=1.4.0 (from aiohttp!=4.0.0a0,!=4.0.0a1->fsspec[http]<=2026.4.0,>=2023.1.0->datasets)
  Downloading aiosignal-1.4.0-py3-none-any.whl.metadata (3.7 kB)
Collecting attrs>=17.3.0 (from aiohttp!=4.0.0a0,!=4.0.0a1->fsspec[http]<=2026.4.0,>=2023.1.0->datasets)
  Downloading attrs-26.1.0-py3-none-any.whl.metadata (8.8 kB)
Collecting frozenlist>=1.1.1 (from aiohttp!=4.0.0a0,!=4.0.0a1->fsspec[http]<=2026.4.0,>=2023.1.0->datasets)
  Downloading frozenlist-1.8.0-cp312-cp312-win_amd64.whl.metadata (21 kB)
Collecting multidict<7.0,>=4.5 (from aiohttp!=4.0.0a0,!=4.0.0a1->fsspec[http]<=2026.4.0,>=2023.1.0->datasets)
  Downloading multidict-6.7.1-cp312-cp312-win_amd64.whl.metadata (5.5 kB)
Collecting propcache>=0.2.0 (from aiohttp!=4.0.0a0,!=4.0.0a1->fsspec[http]<=2026.4.0,>=2023.1.0->datasets)
  Downloading propcache-0.5.2-cp312-cp312-win_amd64.whl.metadata (17 kB)
Collecting yarl<2.0,>=1.17.0 (from aiohttp!=4.0.0a0,!=4.0.0a1->fsspec[http]<=2026.4.0,>=2023.1.0->datasets)
  Downloading yarl-1.24.2-cp312-cp312-win_amd64.whl.metadata (97 kB)
Collecting colorama (from click>=8.4.0->huggingface_hub>=0.21.0->accelerate)
  Downloading colorama-0.4.6-py2.py3-none-any.whl.metadata (17 kB)
Collecting charset_normalizer<4,>=2 (from requests->diffusers)
  Downloading charset_normalizer-3.4.7-cp312-cp312-win_amd64.whl.metadata (41 kB)
Collecting urllib3<3,>=1.26 (from requests->diffusers)
  Downloading urllib3-2.7.0-py3-none-any.whl.metadata (6.9 kB)
Collecting markdown-it-py>=2.2.0 (from rich>=13.8.0->typer<0.26.0,>=0.20.0->huggingface_hub>=0.21.0->accelerate)
  Downloading markdown_it_py-4.2.0-py3-none-any.whl.metadata (7.4 kB)
Collecting pygments<3.0.0,>=2.13.0 (from rich>=13.8.0->typer<0.26.0,>=0.20.0->huggingface_hub>=0.21.0->accelerate)
  Downloading pygments-2.20.0-py3-none-any.whl.metadata (2.5 kB)
Collecting mdurl~=0.1 (from markdown-it-py>=2.2.0->rich>=13.8.0->typer<0.26.0,>=0.20.0->huggingface_hub>=0.21.0->accelerate)
  Downloading mdurl-0.1.2-py3-none-any.whl.metadata (1.6 kB)
Requirement already satisfied: networkx in .\training\identity_lock\.venv\Lib\site-packages (from torch>=2.0.0->accelerate) (3.6.1)
Requirement already satisfied: jinja2 in .\training\identity_lock\.venv\Lib\site-packages (from torch>=2.0.0->accelerate) (3.1.6)
Requirement already satisfied: setuptools in .\training\identity_lock\.venv\Lib\site-packages (from torch>=2.0.0->accelerate) (82.0.1)
Requirement already satisfied: sympy==1.13.1 in .\training\identity_lock\.venv\Lib\site-packages (from torch>=2.0.0->accelerate) (1.13.1)
Requirement already satisfied: mpmath<1.4,>=1.1.0 in .\training\identity_lock\.venv\Lib\site-packages (from sympy==1.13.1->torch>=2.0.0->accelerate) (1.3.0)
Collecting zipp>=3.20 (from importlib_metadata->diffusers)
  Downloading zipp-4.1.0-py3-none-any.whl.metadata (3.6 kB)
Requirement already satisfied: MarkupSafe>=2.0 in .\training\identity_lock\.venv\Lib\site-packages (from jinja2->torch>=2.0.0->accelerate) (3.0.3)
Collecting python-dateutil>=2.8.2 (from pandas->datasets)
  Using cached python_dateutil-2.9.0.post0-py2.py3-none-any.whl.metadata (8.4 kB)
Collecting tzdata (from pandas->datasets)
  Downloading tzdata-2026.2-py2.py3-none-any.whl.metadata (1.4 kB)
Collecting six>=1.5 (from python-dateutil>=2.8.2->pandas->datasets)
  Downloading six-1.17.0-py2.py3-none-any.whl.metadata (1.7 kB)
Downloading accelerate-1.14.0-py3-none-any.whl (389 kB)
Downloading diffusers-0.38.0-py3-none-any.whl (5.2 MB)
   ---------------------------------------- 5.2/5.2 MB 2.8 MB/s  0:00:02
Downloading httpx-0.28.1-py3-none-any.whl (73 kB)
Downloading httpcore-1.0.9-py3-none-any.whl (78 kB)
Downloading huggingface_hub-1.20.1-py3-none-any.whl (719 kB)
   ---------------------------------------- 719.8/719.8 kB 28.6 MB/s  0:00:00
Downloading hf_xet-1.5.1-cp37-abi3-win_amd64.whl (4.0 MB)
   ---------------------------------------- 4.0/4.0 MB 3.0 MB/s  0:00:01
Downloading typer-0.25.1-py3-none-any.whl (58 kB)
Downloading transformers-5.12.1-py3-none-any.whl (11.2 MB)
   ---------------------------------------- 11.2/11.2 MB 3.1 MB/s  0:00:03
Downloading tokenizers-0.22.2-cp39-abi3-win_amd64.whl (2.7 MB)
   ---------------------------------------- 2.7/2.7 MB 2.5 MB/s  0:00:01
Downloading safetensors-0.8.0-cp310-abi3-win_amd64.whl (355 kB)
Downloading peft-0.19.1-py3-none-any.whl (680 kB)
   ---------------------------------------- 680.7/680.7 kB 13.1 MB/s  0:00:00
Downloading datasets-5.0.0-py3-none-any.whl (555 kB)
   ---------------------------------------- 555.1/555.1 kB 1.3 MB/s  0:00:00
Downloading dill-0.4.1-py3-none-any.whl (120 kB)
Downloading multiprocess-0.70.19-py312-none-any.whl (150 kB)
Downloading toml-0.10.2-py2.py3-none-any.whl (16 kB)
Downloading aiohttp-3.14.1-cp312-cp312-win_amd64.whl (479 kB)
Downloading multidict-6.7.1-cp312-cp312-win_amd64.whl (46 kB)
Downloading yarl-1.24.2-cp312-cp312-win_amd64.whl (92 kB)
Downloading aiohappyeyeballs-2.6.2-py3-none-any.whl (15 kB)
Downloading aiosignal-1.4.0-py3-none-any.whl (7.5 kB)
Downloading annotated_doc-0.0.4-py3-none-any.whl (5.3 kB)
Downloading attrs-26.1.0-py3-none-any.whl (67 kB)
Downloading click-8.4.1-py3-none-any.whl (116 kB)
Downloading frozenlist-1.8.0-cp312-cp312-win_amd64.whl (44 kB)
Downloading h11-0.16.0-py3-none-any.whl (37 kB)
Downloading idna-3.18-py3-none-any.whl (65 kB)
Downloading propcache-0.5.2-cp312-cp312-win_amd64.whl (42 kB)
Downloading pyarrow-24.0.0-cp312-cp312-win_amd64.whl (27.4 MB)
   ---------------------------------------- 27.4/27.4 MB 2.8 MB/s  0:00:09
Downloading pyyaml-6.0.3-cp312-cp312-win_amd64.whl (154 kB)
Downloading regex-2026.5.9-cp312-cp312-win_amd64.whl (277 kB)
Downloading requests-2.34.2-py3-none-any.whl (73 kB)
Downloading charset_normalizer-3.4.7-cp312-cp312-win_amd64.whl (159 kB)
Downloading urllib3-2.7.0-py3-none-any.whl (131 kB)
Downloading certifi-2026.6.17-py3-none-any.whl (133 kB)
Downloading rich-15.0.0-py3-none-any.whl (310 kB)
Downloading pygments-2.20.0-py3-none-any.whl (1.2 MB)
   ---------------------------------------- 1.2/1.2 MB 1.8 MB/s  0:00:00
Downloading markdown_it_py-4.2.0-py3-none-any.whl (91 kB)
Downloading mdurl-0.1.2-py3-none-any.whl (10.0 kB)
Downloading shellingham-1.5.4-py2.py3-none-any.whl (9.8 kB)
Downloading tqdm-4.68.3-py3-none-any.whl (78 kB)
Downloading anyio-4.14.0-py3-none-any.whl (123 kB)
Downloading colorama-0.4.6-py2.py3-none-any.whl (25 kB)
Downloading importlib_metadata-9.0.0-py3-none-any.whl (27 kB)
Downloading zipp-4.1.0-py3-none-any.whl (10 kB)
Downloading pandas-3.0.3-cp312-cp312-win_amd64.whl (9.8 MB)
   ---------------------------------------- 9.8/9.8 MB 3.1 MB/s  0:00:03
Using cached python_dateutil-2.9.0.post0-py2.py3-none-any.whl (229 kB)
Downloading six-1.17.0-py2.py3-none-any.whl (11 kB)
Downloading psutil-7.2.2-cp37-abi3-win_amd64.whl (137 kB)
Downloading tzdata-2026.2-py2.py3-none-any.whl (349 kB)
Downloading xxhash-3.7.0-cp312-cp312-win_amd64.whl (31 kB)
Installing collected packages: zipp, xxhash, urllib3, tzdata, toml, six, shellingham, safetensors, regex, pyyaml, pygments, pyarrow, psutil, propcache, multidict, mdurl, idna, hf-xet, h11, frozenlist, dill, colorama, charset_normalizer, certifi, attrs, annotated-doc, aiohappyeyeballs, yarl, tqdm, requests, python-dateutil, multiprocess, markdown-it-py, importlib_metadata, httpcore, click, anyio, aiosignal, rich, pandas, httpx, aiohttp, typer, huggingface_hub, tokenizers, diffusers, datasets, accelerate, transformers, peft

Successfully installed accelerate-1.14.0 aiohappyeyeballs-2.6.2 aiohttp-3.14.1 aiosignal-1.4.0 annotated-doc-0.0.4 anyio-4.14.0 attrs-26.1.0 certifi-2026.6.17 charset_normalizer-3.4.7 click-8.4.1 colorama-0.4.6 datasets-5.0.0 diffusers-0.38.0 dill-0.4.1 frozenlist-1.8.0 h11-0.16.0 hf-xet-1.5.1 httpcore-1.0.9 httpx-0.28.1 huggingface_hub-1.20.1 idna-3.18 importlib_metadata-9.0.0 markdown-it-py-4.2.0 mdurl-0.1.2 multidict-6.7.1 multiprocess-0.70.19 pandas-3.0.3 peft-0.19.1 propcache-0.5.2 psutil-7.2.2 pyarrow-24.0.0 pygments-2.20.0 python-dateutil-2.9.0.post0 pyyaml-6.0.3 regex-2026.5.9 requests-2.34.2 rich-15.0.0 safetensors-0.8.0 shellingham-1.5.4 six-1.17.0 tokenizers-0.22.2 toml-0.10.2 tqdm-4.68.3 transformers-5.12.1 typer-0.25.1 tzdata-2026.2 urllib3-2.7.0 xxhash-3.7.0 yarl-1.24.2 zipp-4.1.0
Obtaining file:///E:/%E6%96%B0%E5%BB%BA%E6%96%87%E4%BB%B6%E5%A4%B9/When%20the%20Sword%20Arrives/game (from -r E:\ĐÂ˝¨ÎÄĽţĽĐ\When the Sword Arrives\game\third_party\sd-scripts\requirements.txt (line 49))

LoRA environment ready.
Venv: E:\ĐÂ˝¨ÎÄĽţĽĐ\When the Sword Arrives\game\training\identity_lock\.venv
sd-scripts: E:\ĐÂ˝¨ÎÄĽţĽĐ\When the Sword Arrives\game\third_party\sd-scripts
