0 verbose cli C:\Program Files\nodejs\node.exe C:\Program Files\nodejs\node_modules\npm\bin\npm-cli.js
1 info using npm@10.7.0
2 info using node@v20.15.1
3 silly config:load:file:C:\Program Files\nodejs\node_modules\npm\npmrc
4 silly config:load:file:E:\新建文件夹\When the Sword Arrives\game\tools\zhihu\.npmrc
5 silly config:load:file:C:\Users\fld16\.npmrc
6 silly config:load:file:C:\Users\fld16\AppData\Roaming\npm\etc\npmrc
7 verbose title npm install
8 verbose argv "install" "--cache" "E:\\新建文件夹\\When the Sword Arrives\\game\\.npm-cache"
9 verbose logfile logs-max:10 dir:E:\新建文件夹\When the Sword Arrives\game\.npm-cache\_logs\2026-05-25T02_35_39_401Z-
10 verbose logfile E:\新建文件夹\When the Sword Arrives\game\.npm-cache\_logs\2026-05-25T02_35_39_401Z-debug-0.log
11 silly logfile done cleaning log files
12 silly idealTree buildDeps
13 silly fetch manifest playwright@^1.45.0
14 http fetch GET 200 https://registry.npmjs.org/npm 1252ms
15 http fetch GET 200 https://registry.npmjs.org/playwright 2935ms (cache miss)
16 silly placeDep ROOT playwright@1.60.0 OK for:  want: ^1.45.0
17 silly fetch manifest playwright-core@1.60.0
18 silly fetch manifest fsevents@2.3.2
19 http fetch GET 200 https://registry.npmjs.org/fsevents 414ms (cache miss)
20 http fetch GET 200 https://registry.npmjs.org/playwright-core 1874ms (cache miss)
21 silly placeDep ROOT fsevents@2.3.2 OK for: playwright@1.60.0 want: 2.3.2
22 silly placeDep ROOT playwright-core@1.60.0 OK for: playwright@1.60.0 want: 1.60.0
23 silly reify moves {}
24 silly audit bulk request {
24 silly audit   playwright: [ '1.60.0' ],
24 silly audit   fsevents: [ '2.3.2' ],
24 silly audit   'playwright-core': [ '1.60.0' ]
24 silly audit }
25 verbose reify failed optional dependency E:\新建文件夹\When the Sword Arrives\game\tools\zhihu\node_modules\fsevents
26 silly reify mark deleted [
26 silly reify   'E:\\新建文件夹\\When the Sword Arrives\\game\\tools\\zhihu\\node_modules\\fsevents'
26 silly reify ]
27 silly tarball no local data for playwright-core@https://registry.npmjs.org/playwright-core/-/playwright-core-1.60.0.tgz. Extracting by manifest.
28 silly tarball no local data for playwright@https://registry.npmjs.org/playwright/-/playwright-1.60.0.tgz. Extracting by manifest.
29 http fetch POST 200 https://registry.npmjs.org/-/npm/v1/security/advisories/bulk 788ms
30 silly audit report {}
31 http fetch GET 200 https://registry.npmjs.org/playwright-core/-/playwright-core-1.60.0.tgz 1560ms (cache miss)
32 http fetch GET 200 https://registry.npmjs.org/playwright/-/playwright-1.60.0.tgz 1781ms (cache miss)
33 silly ADD node_modules/playwright-core
34 silly ADD
35 silly ADD node_modules/playwright
36 notice
36 notice New major version of npm available! 10.7.0 -> 11.15.0
36 notice Changelog: https://github.com/npm/cli/releases/tag/v11.15.0
36 notice To update run: npm install -g npm@11.15.0
36 notice  { force: true, [Symbol(proc-log.meta)]: true }
37 verbose exit 0
38 info ok
